2025-02-25T22:48:27.542+09:00  INFO 20184 --- [main] site.FitUp.main.MainApplication          : Starting MainApplication using Java 21 with PID 20184 (C:\Users\User\Documents\GitHub\FitUp-BE\build\classes\java\main started by joon in C:\Users\User\Documents\GitHub\FitUp-BE)
2025-02-25T22:48:27.543+09:00 DEBUG 20184 --- [main] site.FitUp.main.MainApplication          : Running with Spring Boot v3.4.3, Spring v6.2.3
2025-02-25T22:48:27.544+09:00  INFO 20184 --- [main] site.FitUp.main.MainApplication          : No active profile set, falling back to 1 default profile: "default"
2025-02-25T22:48:28.106+09:00  INFO 20184 --- [main] .s.d.r.c.RepositoryConfigurationDelegate : Bootstrapping Spring Data JPA repositories in DEFAULT mode.
2025-02-25T22:48:28.124+09:00  INFO 20184 --- [main] .s.d.r.c.RepositoryConfigurationDelegate : Finished Spring Data repository scanning in 10 ms. Found 0 JPA repository interfaces.
2025-02-25T22:48:28.570+09:00  INFO 20184 --- [main] o.s.b.w.embedded.tomcat.TomcatWebServer  : Tomcat initialized with port 8080 (http)
2025-02-25T22:48:28.584+09:00  INFO 20184 --- [main] o.apache.catalina.core.StandardService   : Starting service [Tomcat]
2025-02-25T22:48:28.584+09:00  INFO 20184 --- [main] o.apache.catalina.core.StandardEngine    : Starting Servlet engine: [Apache Tomcat/10.1.36]
2025-02-25T22:48:28.641+09:00  INFO 20184 --- [main] o.a.c.c.C.[Tomcat].[localhost].[/]       : Initializing Spring embedded WebApplicationContext
2025-02-25T22:48:28.641+09:00  INFO 20184 --- [main] w.s.c.ServletWebServerApplicationContext : Root WebApplicationContext: initialization completed in 1058 ms
2025-02-25T22:48:28.696+09:00  WARN 20184 --- [main] ConfigServletWebServerApplicationContext : Exception encountered during context initialization - cancelling refresh attempt: org.springframework.beans.factory.BeanCreationException: Error creating bean with name 'entityManagerFactory' defined in class path resource [org/springframework/boot/autoconfigure/orm/jpa/HibernateJpaConfiguration.class]: Failed to initialize dependency 'dataSourceScriptDatabaseInitializer' of LoadTimeWeaverAware bean 'entityManagerFactory': Error creating bean with name 'dataSourceScriptDatabaseInitializer' defined in class path resource [org/springframework/boot/autoconfigure/sql/init/DataSourceInitializationConfiguration.class]: Unsatisfied dependency expressed through method 'dataSourceScriptDatabaseInitializer' parameter 0: Error creating bean with name 'dataSource' defined in class path resource [org/springframework/boot/autoconfigure/jdbc/DataSourceConfiguration$Hikari.class]: Failed to instantiate [com.zaxxer.hikari.HikariDataSource]: Factory method 'dataSource' threw exception with message: Failed to determine a suitable driver class
2025-02-25T22:48:28.699+09:00  INFO 20184 --- [main] o.apache.catalina.core.StandardService   : Stopping service [Tomcat]
2025-02-25T22:48:28.714+09:00  INFO 20184 --- [main] .s.b.a.l.ConditionEvaluationReportLogger : 

Error starting ApplicationContext. To display the condition evaluation report re-run your application with 'debug' enabled.
2025-02-25T22:48:28.732+09:00 ERROR 20184 --- [main] o.s.b.d.LoggingFailureAnalysisReporter   : 

***************************
APPLICATION FAILED TO START
***************************

Description:

Failed to configure a DataSource: 'url' attribute is not specified and no embedded datasource could be configured.

Reason: Failed to determine a suitable driver class


Action:

Consider the following:
	If you want an embedded database (H2, HSQL or Derby), please put it on the classpath.
	If you have database settings to be loaded from a particular profile you may need to activate it (no profiles are currently active).

2025-02-25T22:48:46.427+09:00  INFO 9948 --- [main] site.FitUp.main.MainApplication          : Starting MainApplication using Java 21 with PID 9948 (C:\Users\User\Documents\GitHub\FitUp-BE\build\classes\java\main started by joon in C:\Users\User\Documents\GitHub\FitUp-BE)
2025-02-25T22:48:46.429+09:00 DEBUG 9948 --- [main] site.FitUp.main.MainApplication          : Running with Spring Boot v3.4.3, Spring v6.2.3
2025-02-25T22:48:46.429+09:00  INFO 9948 --- [main] site.FitUp.main.MainApplication          : No active profile set, falling back to 1 default profile: "default"
2025-02-25T22:48:46.948+09:00  INFO 9948 --- [main] .s.d.r.c.RepositoryConfigurationDelegate : Bootstrapping Spring Data JPA repositories in DEFAULT mode.
2025-02-25T22:48:46.968+09:00  INFO 9948 --- [main] .s.d.r.c.RepositoryConfigurationDelegate : Finished Spring Data repository scanning in 11 ms. Found 0 JPA repository interfaces.
2025-02-25T22:48:47.388+09:00  INFO 9948 --- [main] o.s.b.w.embedded.tomcat.TomcatWebServer  : Tomcat initialized with port 8080 (http)
2025-02-25T22:48:47.401+09:00  INFO 9948 --- [main] o.apache.catalina.core.StandardService   : Starting service [Tomcat]
2025-02-25T22:48:47.401+09:00  INFO 9948 --- [main] o.apache.catalina.core.StandardEngine    : Starting Servlet engine: [Apache Tomcat/10.1.36]
2025-02-25T22:48:47.453+09:00  INFO 9948 --- [main] o.a.c.c.C.[Tomcat].[localhost].[/]       : Initializing Spring embedded WebApplicationContext
2025-02-25T22:48:47.453+09:00  INFO 9948 --- [main] w.s.c.ServletWebServerApplicationContext : Root WebApplicationContext: initialization completed in 991 ms
2025-02-25T22:48:47.502+09:00  WARN 9948 --- [main] ConfigServletWebServerApplicationContext : Exception encountered during context initialization - cancelling refresh attempt: org.springframework.beans.factory.BeanCreationException: Error creating bean with name 'entityManagerFactory' defined in class path resource [org/springframework/boot/autoconfigure/orm/jpa/HibernateJpaConfiguration.class]: Failed to initialize dependency 'dataSourceScriptDatabaseInitializer' of LoadTimeWeaverAware bean 'entityManagerFactory': Error creating bean with name 'dataSourceScriptDatabaseInitializer' defined in class path resource [org/springframework/boot/autoconfigure/sql/init/DataSourceInitializationConfiguration.class]: Unsatisfied dependency expressed through method 'dataSourceScriptDatabaseInitializer' parameter 0: Error creating bean with name 'dataSource' defined in class path resource [org/springframework/boot/autoconfigure/jdbc/DataSourceConfiguration$Hikari.class]: Failed to instantiate [com.zaxxer.hikari.HikariDataSource]: Factory method 'dataSource' threw exception with message: Failed to determine a suitable driver class
2025-02-25T22:48:47.504+09:00  INFO 9948 --- [main] o.apache.catalina.core.StandardService   : Stopping service [Tomcat]
2025-02-25T22:48:47.516+09:00  INFO 9948 --- [main] .s.b.a.l.ConditionEvaluationReportLogger : 

Error starting ApplicationContext. To display the condition evaluation report re-run your application with 'debug' enabled.
2025-02-25T22:48:47.532+09:00 ERROR 9948 --- [main] o.s.b.d.LoggingFailureAnalysisReporter   : 

***************************
APPLICATION FAILED TO START
***************************

Description:

Failed to configure a DataSource: 'url' attribute is not specified and no embedded datasource could be configured.

Reason: Failed to determine a suitable driver class


Action:

Consider the following:
	If you want an embedded database (H2, HSQL or Derby), please put it on the classpath.
	If you have database settings to be loaded from a particular profile you may need to activate it (no profiles are currently active).

2025-02-25T22:49:04.529+09:00  INFO 20420 --- [main] site.FitUp.main.MainApplication          : Starting MainApplication using Java 21 with PID 20420 (C:\Users\User\Documents\GitHub\FitUp-BE\build\classes\java\main started by joon in C:\Users\User\Documents\GitHub\FitUp-BE)
2025-02-25T22:49:04.531+09:00 DEBUG 20420 --- [main] site.FitUp.main.MainApplication          : Running with Spring Boot v3.4.3, Spring v6.2.3
2025-02-25T22:49:04.531+09:00  INFO 20420 --- [main] site.FitUp.main.MainApplication          : No active profile set, falling back to 1 default profile: "default"
2025-02-25T22:49:05.057+09:00  INFO 20420 --- [main] .s.d.r.c.RepositoryConfigurationDelegate : Bootstrapping Spring Data JPA repositories in DEFAULT mode.
2025-02-25T22:49:05.077+09:00  INFO 20420 --- [main] .s.d.r.c.RepositoryConfigurationDelegate : Finished Spring Data repository scanning in 10 ms. Found 0 JPA repository interfaces.
2025-02-25T22:49:05.503+09:00  INFO 20420 --- [main] o.s.b.w.embedded.tomcat.TomcatWebServer  : Tomcat initialized with port 8080 (http)
2025-02-25T22:49:05.515+09:00  INFO 20420 --- [main] o.apache.catalina.core.StandardService   : Starting service [Tomcat]
2025-02-25T22:49:05.515+09:00  INFO 20420 --- [main] o.apache.catalina.core.StandardEngine    : Starting Servlet engine: [Apache Tomcat/10.1.36]
2025-02-25T22:49:05.568+09:00  INFO 20420 --- [main] o.a.c.c.C.[Tomcat].[localhost].[/]       : Initializing Spring embedded WebApplicationContext
2025-02-25T22:49:05.569+09:00  INFO 20420 --- [main] w.s.c.ServletWebServerApplicationContext : Root WebApplicationContext: initialization completed in 1001 ms
2025-02-25T22:49:05.622+09:00  WARN 20420 --- [main] ConfigServletWebServerApplicationContext : Exception encountered during context initialization - cancelling refresh attempt: org.springframework.beans.factory.BeanCreationException: Error creating bean with name 'entityManagerFactory' defined in class path resource [org/springframework/boot/autoconfigure/orm/jpa/HibernateJpaConfiguration.class]: Failed to initialize dependency 'dataSourceScriptDatabaseInitializer' of LoadTimeWeaverAware bean 'entityManagerFactory': Error creating bean with name 'dataSourceScriptDatabaseInitializer' defined in class path resource [org/springframework/boot/autoconfigure/sql/init/DataSourceInitializationConfiguration.class]: Unsatisfied dependency expressed through method 'dataSourceScriptDatabaseInitializer' parameter 0: Error creating bean with name 'dataSource' defined in class path resource [org/springframework/boot/autoconfigure/jdbc/DataSourceConfiguration$Hikari.class]: Failed to instantiate [com.zaxxer.hikari.HikariDataSource]: Factory method 'dataSource' threw exception with message: Failed to determine a suitable driver class
2025-02-25T22:49:05.624+09:00  INFO 20420 --- [main] o.apache.catalina.core.StandardService   : Stopping service [Tomcat]
2025-02-25T22:49:05.638+09:00  INFO 20420 --- [main] .s.b.a.l.ConditionEvaluationReportLogger : 

Error starting ApplicationContext. To display the condition evaluation report re-run your application with 'debug' enabled.
2025-02-25T22:49:05.654+09:00 ERROR 20420 --- [main] o.s.b.d.LoggingFailureAnalysisReporter   : 

***************************
APPLICATION FAILED TO START
***************************

Description:

Failed to configure a DataSource: 'url' attribute is not specified and no embedded datasource could be configured.

Reason: Failed to determine a suitable driver class


Action:

Consider the following:
	If you want an embedded database (H2, HSQL or Derby), please put it on the classpath.
	If you have database settings to be loaded from a particular profile you may need to activate it (no profiles are currently active).

2025-02-25T22:49:57.941+09:00  INFO 37264 --- [main] site.FitUp.main.MainApplication          : Starting MainApplication using Java 21 with PID 37264 (C:\Users\User\Documents\GitHub\FitUp-BE\build\classes\java\main started by joon in C:\Users\User\Documents\GitHub\FitUp-BE)
2025-02-25T22:49:57.943+09:00 DEBUG 37264 --- [main] site.FitUp.main.MainApplication          : Running with Spring Boot v3.4.3, Spring v6.2.3
2025-02-25T22:49:57.943+09:00  INFO 37264 --- [main] site.FitUp.main.MainApplication          : No active profile set, falling back to 1 default profile: "default"
2025-02-25T22:49:58.699+09:00  INFO 37264 --- [main] o.s.b.w.embedded.tomcat.TomcatWebServer  : Tomcat initialized with port 8080 (http)
2025-02-25T22:49:58.717+09:00  INFO 37264 --- [main] o.apache.catalina.core.StandardService   : Starting service [Tomcat]
2025-02-25T22:49:58.718+09:00  INFO 37264 --- [main] o.apache.catalina.core.StandardEngine    : Starting Servlet engine: [Apache Tomcat/10.1.36]
2025-02-25T22:49:58.765+09:00  INFO 37264 --- [main] o.a.c.c.C.[Tomcat].[localhost].[/]       : Initializing Spring embedded WebApplicationContext
2025-02-25T22:49:58.766+09:00  INFO 37264 --- [main] w.s.c.ServletWebServerApplicationContext : Root WebApplicationContext: initialization completed in 790 ms
2025-02-25T22:49:59.045+09:00  INFO 37264 --- [main] o.s.b.w.embedded.tomcat.TomcatWebServer  : Tomcat started on port 8080 (http) with context path '/'
2025-02-25T22:49:59.050+09:00  INFO 37264 --- [main] site.FitUp.main.MainApplication          : Started MainApplication in 1.563 seconds (process running for 2.031)
2025-02-25T22:50:07.561+09:00  INFO 37264 --- [SpringApplicationShutdownHook] o.s.b.w.e.tomcat.GracefulShutdown        : Commencing graceful shutdown. Waiting for active requests to complete
2025-02-25T22:50:07.567+09:00  INFO 37264 --- [tomcat-shutdown] o.s.b.w.e.tomcat.GracefulShutdown        : Graceful shutdown complete
2025-02-25T22:51:27.772+09:00  INFO 2504 --- [main] site.FitUp.main.MainApplication          : Starting MainApplication using Java 21 with PID 2504 (C:\Users\User\Documents\GitHub\FitUp-BE\build\classes\java\main started by joon in C:\Users\User\Documents\GitHub\FitUp-BE)
2025-02-25T22:51:27.773+09:00 DEBUG 2504 --- [main] site.FitUp.main.MainApplication          : Running with Spring Boot v3.4.3, Spring v6.2.3
2025-02-25T22:51:27.774+09:00  INFO 2504 --- [main] site.FitUp.main.MainApplication          : No active profile set, falling back to 1 default profile: "default"
2025-02-25T22:51:28.292+09:00  INFO 2504 --- [main] .s.d.r.c.RepositoryConfigurationDelegate : Bootstrapping Spring Data JPA repositories in DEFAULT mode.
2025-02-25T22:51:28.312+09:00  INFO 2504 --- [main] .s.d.r.c.RepositoryConfigurationDelegate : Finished Spring Data repository scanning in 10 ms. Found 0 JPA repository interfaces.
2025-02-25T22:51:28.757+09:00  INFO 2504 --- [main] o.s.b.w.embedded.tomcat.TomcatWebServer  : Tomcat initialized with port 8080 (http)
2025-02-25T22:51:28.770+09:00  INFO 2504 --- [main] o.apache.catalina.core.StandardService   : Starting service [Tomcat]
2025-02-25T22:51:28.771+09:00  INFO 2504 --- [main] o.apache.catalina.core.StandardEngine    : Starting Servlet engine: [Apache Tomcat/10.1.36]
2025-02-25T22:51:28.823+09:00  INFO 2504 --- [main] o.a.c.c.C.[Tomcat].[localhost].[/]       : Initializing Spring embedded WebApplicationContext
2025-02-25T22:51:28.824+09:00  INFO 2504 --- [main] w.s.c.ServletWebServerApplicationContext : Root WebApplicationContext: initialization completed in 1013 ms
2025-02-25T22:51:28.933+09:00  INFO 2504 --- [main] com.zaxxer.hikari.HikariDataSource       : HikariPool-1 - Starting...
2025-02-25T22:51:29.425+09:00  INFO 2504 --- [main] com.zaxxer.hikari.pool.HikariPool        : HikariPool-1 - Added connection com.mysql.cj.jdbc.ConnectionImpl@1a1c21b4
2025-02-25T22:51:29.427+09:00  INFO 2504 --- [main] com.zaxxer.hikari.HikariDataSource       : HikariPool-1 - Start completed.
2025-02-25T22:51:29.472+09:00  INFO 2504 --- [main] o.hibernate.jpa.internal.util.LogHelper  : HHH000204: Processing PersistenceUnitInfo [name: default]
2025-02-25T22:51:29.531+09:00  INFO 2504 --- [main] org.hibernate.Version                    : HHH000412: Hibernate ORM core version 6.6.8.Final
2025-02-25T22:51:29.567+09:00  INFO 2504 --- [main] o.h.c.internal.RegionFactoryInitiator    : HHH000026: Second-level cache disabled
2025-02-25T22:51:29.871+09:00  INFO 2504 --- [main] o.s.o.j.p.SpringPersistenceUnitInfo      : No LoadTimeWeaver setup: ignoring JPA class transformer
2025-02-25T22:51:29.985+09:00  INFO 2504 --- [main] org.hibernate.orm.connections.pooling    : HHH10001005: Database info:
	Database JDBC URL [Connecting through datasource 'HikariDataSource (HikariPool-1)']
	Database driver: undefined/unknown
	Database version: 8.0.35
	Autocommit mode: undefined/unknown
	Isolation level: undefined/unknown
	Minimum pool size: undefined/unknown
	Maximum pool size: undefined/unknown
2025-02-25T22:51:30.276+09:00  INFO 2504 --- [main] o.h.e.t.j.p.i.JtaPlatformInitiator       : HHH000489: No JTA platform available (set 'hibernate.transaction.jta.platform' to enable JTA platform integration)
2025-02-25T22:51:30.282+09:00  INFO 2504 --- [main] j.LocalContainerEntityManagerFactoryBean : Initialized JPA EntityManagerFactory for persistence unit 'default'
2025-02-25T22:51:30.311+09:00  WARN 2504 --- [main] JpaBaseConfiguration$JpaWebConfiguration : spring.jpa.open-in-view is enabled by default. Therefore, database queries may be performed during view rendering. Explicitly configure spring.jpa.open-in-view to disable this warning
2025-02-25T22:51:30.606+09:00  INFO 2504 --- [main] o.s.b.w.embedded.tomcat.TomcatWebServer  : Tomcat started on port 8080 (http) with context path '/'
2025-02-25T22:51:30.611+09:00  INFO 2504 --- [main] site.FitUp.main.MainApplication          : Started MainApplication in 3.297 seconds (process running for 3.794)
2025-02-25T22:51:38.804+09:00  INFO 2504 --- [http-nio-8080-exec-1] o.a.c.c.C.[Tomcat].[localhost].[/]       : Initializing Spring DispatcherServlet 'dispatcherServlet'
2025-02-25T22:51:38.805+09:00  INFO 2504 --- [http-nio-8080-exec-1] o.s.web.servlet.DispatcherServlet        : Initializing Servlet 'dispatcherServlet'
2025-02-25T22:51:38.806+09:00  INFO 2504 --- [http-nio-8080-exec-1] o.s.web.servlet.DispatcherServlet        : Completed initialization in 1 ms
2025-02-25T22:51:42.682+09:00  INFO 2504 --- [SpringApplicationShutdownHook] o.s.b.w.e.tomcat.GracefulShutdown        : Commencing graceful shutdown. Waiting for active requests to complete
2025-02-25T22:51:42.690+09:00  INFO 2504 --- [tomcat-shutdown] o.s.b.w.e.tomcat.GracefulShutdown        : Graceful shutdown complete
2025-02-25T22:51:42.694+09:00  INFO 2504 --- [SpringApplicationShutdownHook] j.LocalContainerEntityManagerFactoryBean : Closing JPA EntityManagerFactory for persistence unit 'default'
2025-02-25T22:51:42.695+09:00  INFO 2504 --- [SpringApplicationShutdownHook] com.zaxxer.hikari.HikariDataSource       : HikariPool-1 - Shutdown initiated...
2025-02-25T22:51:42.751+09:00  INFO 2504 --- [SpringApplicationShutdownHook] com.zaxxer.hikari.HikariDataSource       : HikariPool-1 - Shutdown completed.
2025-02-25T23:10:59.639+09:00  INFO 5152 --- [main] site.FitUp.main.MainApplication          : Starting MainApplication using Java 21 with PID 5152 (C:\Users\User\Documents\GitHub\FitUp-BE\build\classes\java\main started by joon in C:\Users\User\Documents\GitHub\FitUp-BE)
2025-02-25T23:10:59.641+09:00 DEBUG 5152 --- [main] site.FitUp.main.MainApplication          : Running with Spring Boot v3.4.3, Spring v6.2.3
2025-02-25T23:10:59.642+09:00  INFO 5152 --- [main] site.FitUp.main.MainApplication          : No active profile set, falling back to 1 default profile: "default"
2025-02-25T23:11:00.155+09:00  INFO 5152 --- [main] .s.d.r.c.RepositoryConfigurationDelegate : Bootstrapping Spring Data JPA repositories in DEFAULT mode.
2025-02-25T23:11:00.173+09:00  INFO 5152 --- [main] .s.d.r.c.RepositoryConfigurationDelegate : Finished Spring Data repository scanning in 10 ms. Found 0 JPA repository interfaces.
2025-02-25T23:11:00.532+09:00  INFO 5152 --- [main] o.s.b.w.embedded.tomcat.TomcatWebServer  : Tomcat initialized with port 8080 (http)
2025-02-25T23:11:00.543+09:00  INFO 5152 --- [main] o.apache.catalina.core.StandardService   : Starting service [Tomcat]
2025-02-25T23:11:00.544+09:00  INFO 5152 --- [main] o.apache.catalina.core.StandardEngine    : Starting Servlet engine: [Apache Tomcat/10.1.36]
2025-02-25T23:11:00.589+09:00  INFO 5152 --- [main] o.a.c.c.C.[Tomcat].[localhost].[/]       : Initializing Spring embedded WebApplicationContext
2025-02-25T23:11:00.589+09:00  INFO 5152 --- [main] w.s.c.ServletWebServerApplicationContext : Root WebApplicationContext: initialization completed in 912 ms
2025-02-25T23:11:00.678+09:00  INFO 5152 --- [main] com.zaxxer.hikari.HikariDataSource       : HikariPool-1 - Starting...
2025-02-25T23:11:01.102+09:00  INFO 5152 --- [main] com.zaxxer.hikari.pool.HikariPool        : HikariPool-1 - Added connection com.mysql.cj.jdbc.ConnectionImpl@63e5b8aa
2025-02-25T23:11:01.104+09:00  INFO 5152 --- [main] com.zaxxer.hikari.HikariDataSource       : HikariPool-1 - Start completed.
2025-02-25T23:11:01.150+09:00  INFO 5152 --- [main] o.hibernate.jpa.internal.util.LogHelper  : HHH000204: Processing PersistenceUnitInfo [name: default]
2025-02-25T23:11:01.197+09:00  INFO 5152 --- [main] org.hibernate.Version                    : HHH000412: Hibernate ORM core version 6.6.8.Final
2025-02-25T23:11:01.227+09:00  INFO 5152 --- [main] o.h.c.internal.RegionFactoryInitiator    : HHH000026: Second-level cache disabled
2025-02-25T23:11:01.482+09:00  INFO 5152 --- [main] o.s.o.j.p.SpringPersistenceUnitInfo      : No LoadTimeWeaver setup: ignoring JPA class transformer
2025-02-25T23:11:01.602+09:00  INFO 5152 --- [main] org.hibernate.orm.connections.pooling    : HHH10001005: Database info:
	Database JDBC URL [Connecting through datasource 'HikariDataSource (HikariPool-1)']
	Database driver: undefined/unknown
	Database version: 8.0.35
	Autocommit mode: undefined/unknown
	Isolation level: undefined/unknown
	Minimum pool size: undefined/unknown
	Maximum pool size: undefined/unknown
2025-02-25T23:11:01.884+09:00  INFO 5152 --- [main] o.h.e.t.j.p.i.JtaPlatformInitiator       : HHH000489: No JTA platform available (set 'hibernate.transaction.jta.platform' to enable JTA platform integration)
2025-02-25T23:11:01.889+09:00  INFO 5152 --- [main] j.LocalContainerEntityManagerFactoryBean : Initialized JPA EntityManagerFactory for persistence unit 'default'
2025-02-25T23:11:01.922+09:00  WARN 5152 --- [main] JpaBaseConfiguration$JpaWebConfiguration : spring.jpa.open-in-view is enabled by default. Therefore, database queries may be performed during view rendering. Explicitly configure spring.jpa.open-in-view to disable this warning
2025-02-25T23:11:02.214+09:00  INFO 5152 --- [main] o.s.b.w.embedded.tomcat.TomcatWebServer  : Tomcat started on port 8080 (http) with context path '/'
2025-02-25T23:11:02.219+09:00  INFO 5152 --- [main] site.FitUp.main.MainApplication          : Started MainApplication in 3.126 seconds (process running for 3.608)
2025-02-25T23:11:21.784+09:00  INFO 5152 --- [http-nio-8080-exec-1] o.a.c.c.C.[Tomcat].[localhost].[/]       : Initializing Spring DispatcherServlet 'dispatcherServlet'
2025-02-25T23:11:21.785+09:00  INFO 5152 --- [http-nio-8080-exec-1] o.s.web.servlet.DispatcherServlet        : Initializing Servlet 'dispatcherServlet'
2025-02-25T23:11:21.786+09:00  INFO 5152 --- [http-nio-8080-exec-1] o.s.web.servlet.DispatcherServlet        : Completed initialization in 1 ms
2025-02-25T23:13:13.011+09:00  INFO 5152 --- [SpringApplicationShutdownHook] o.s.b.w.e.tomcat.GracefulShutdown        : Commencing graceful shutdown. Waiting for active requests to complete
2025-02-25T23:13:13.019+09:00  INFO 5152 --- [tomcat-shutdown] o.s.b.w.e.tomcat.GracefulShutdown        : Graceful shutdown complete
2025-02-25T23:13:13.022+09:00  INFO 5152 --- [SpringApplicationShutdownHook] j.LocalContainerEntityManagerFactoryBean : Closing JPA EntityManagerFactory for persistence unit 'default'
2025-02-25T23:13:13.023+09:00  INFO 5152 --- [SpringApplicationShutdownHook] com.zaxxer.hikari.HikariDataSource       : HikariPool-1 - Shutdown initiated...
2025-02-25T23:13:13.077+09:00  INFO 5152 --- [SpringApplicationShutdownHook] com.zaxxer.hikari.HikariDataSource       : HikariPool-1 - Shutdown completed.
2025-02-25T23:13:17.275+09:00  INFO 7064 --- [main] site.FitUp.main.MainApplication          : Starting MainApplication using Java 21 with PID 7064 (C:\Users\User\Documents\GitHub\FitUp-BE\build\classes\java\main started by joon in C:\Users\User\Documents\GitHub\FitUp-BE)
2025-02-25T23:13:17.276+09:00 DEBUG 7064 --- [main] site.FitUp.main.MainApplication          : Running with Spring Boot v3.4.3, Spring v6.2.3
2025-02-25T23:13:17.277+09:00  INFO 7064 --- [main] site.FitUp.main.MainApplication          : No active profile set, falling back to 1 default profile: "default"
2025-02-25T23:13:17.798+09:00  INFO 7064 --- [main] .s.d.r.c.RepositoryConfigurationDelegate : Bootstrapping Spring Data JPA repositories in DEFAULT mode.
2025-02-25T23:13:17.818+09:00  INFO 7064 --- [main] .s.d.r.c.RepositoryConfigurationDelegate : Finished Spring Data repository scanning in 12 ms. Found 0 JPA repository interfaces.
2025-02-25T23:13:18.229+09:00  INFO 7064 --- [main] o.s.b.w.embedded.tomcat.TomcatWebServer  : Tomcat initialized with port 8080 (http)
2025-02-25T23:13:18.240+09:00  INFO 7064 --- [main] o.apache.catalina.core.StandardService   : Starting service [Tomcat]
2025-02-25T23:13:18.241+09:00  INFO 7064 --- [main] o.apache.catalina.core.StandardEngine    : Starting Servlet engine: [Apache Tomcat/10.1.36]
2025-02-25T23:13:18.290+09:00  INFO 7064 --- [main] o.a.c.c.C.[Tomcat].[localhost].[/]       : Initializing Spring embedded WebApplicationContext
2025-02-25T23:13:18.291+09:00  INFO 7064 --- [main] w.s.c.ServletWebServerApplicationContext : Root WebApplicationContext: initialization completed in 979 ms
2025-02-25T23:13:18.394+09:00  INFO 7064 --- [main] com.zaxxer.hikari.HikariDataSource       : HikariPool-1 - Starting...
2025-02-25T23:13:18.768+09:00  INFO 7064 --- [main] com.zaxxer.hikari.pool.HikariPool        : HikariPool-1 - Added connection com.mysql.cj.jdbc.ConnectionImpl@6870cfac
2025-02-25T23:13:18.770+09:00  INFO 7064 --- [main] com.zaxxer.hikari.HikariDataSource       : HikariPool-1 - Start completed.
2025-02-25T23:13:18.816+09:00  INFO 7064 --- [main] o.hibernate.jpa.internal.util.LogHelper  : HHH000204: Processing PersistenceUnitInfo [name: default]
2025-02-25T23:13:18.870+09:00  INFO 7064 --- [main] org.hibernate.Version                    : HHH000412: Hibernate ORM core version 6.6.8.Final
2025-02-25T23:13:18.908+09:00  INFO 7064 --- [main] o.h.c.internal.RegionFactoryInitiator    : HHH000026: Second-level cache disabled
2025-02-25T23:13:19.203+09:00  INFO 7064 --- [main] o.s.o.j.p.SpringPersistenceUnitInfo      : No LoadTimeWeaver setup: ignoring JPA class transformer
2025-02-25T23:13:19.308+09:00  INFO 7064 --- [main] org.hibernate.orm.connections.pooling    : HHH10001005: Database info:
	Database JDBC URL [Connecting through datasource 'HikariDataSource (HikariPool-1)']
	Database driver: undefined/unknown
	Database version: 8.0.35
	Autocommit mode: undefined/unknown
	Isolation level: undefined/unknown
	Minimum pool size: undefined/unknown
	Maximum pool size: undefined/unknown
2025-02-25T23:13:19.600+09:00  INFO 7064 --- [main] o.h.e.t.j.p.i.JtaPlatformInitiator       : HHH000489: No JTA platform available (set 'hibernate.transaction.jta.platform' to enable JTA platform integration)
2025-02-25T23:13:19.606+09:00  INFO 7064 --- [main] j.LocalContainerEntityManagerFactoryBean : Initialized JPA EntityManagerFactory for persistence unit 'default'
2025-02-25T23:13:19.640+09:00  WARN 7064 --- [main] JpaBaseConfiguration$JpaWebConfiguration : spring.jpa.open-in-view is enabled by default. Therefore, database queries may be performed during view rendering. Explicitly configure spring.jpa.open-in-view to disable this warning
2025-02-25T23:13:19.956+09:00  INFO 7064 --- [main] o.s.b.w.embedded.tomcat.TomcatWebServer  : Tomcat started on port 8080 (http) with context path '/'
2025-02-25T23:13:19.961+09:00  INFO 7064 --- [main] site.FitUp.main.MainApplication          : Started MainApplication in 3.186 seconds (process running for 3.912)
2025-02-25T23:13:22.382+09:00  INFO 7064 --- [http-nio-8080-exec-2] o.a.c.c.C.[Tomcat].[localhost].[/]       : Initializing Spring DispatcherServlet 'dispatcherServlet'
2025-02-25T23:13:22.383+09:00  INFO 7064 --- [http-nio-8080-exec-2] o.s.web.servlet.DispatcherServlet        : Initializing Servlet 'dispatcherServlet'
2025-02-25T23:13:22.384+09:00  INFO 7064 --- [http-nio-8080-exec-2] o.s.web.servlet.DispatcherServlet        : Completed initialization in 1 ms
2025-02-25T23:13:49.659+09:00  INFO 7064 --- [SpringApplicationShutdownHook] o.s.b.w.e.tomcat.GracefulShutdown        : Commencing graceful shutdown. Waiting for active requests to complete
2025-02-25T23:13:49.667+09:00  INFO 7064 --- [tomcat-shutdown] o.s.b.w.e.tomcat.GracefulShutdown        : Graceful shutdown complete
2025-02-25T23:13:49.671+09:00  INFO 7064 --- [SpringApplicationShutdownHook] j.LocalContainerEntityManagerFactoryBean : Closing JPA EntityManagerFactory for persistence unit 'default'
2025-02-25T23:13:49.672+09:00  INFO 7064 --- [SpringApplicationShutdownHook] com.zaxxer.hikari.HikariDataSource       : HikariPool-1 - Shutdown initiated...
2025-02-25T23:13:49.727+09:00  INFO 7064 --- [SpringApplicationShutdownHook] com.zaxxer.hikari.HikariDataSource       : HikariPool-1 - Shutdown completed.
2025-02-25T23:13:53.201+09:00  INFO 19808 --- [main] site.FitUp.main.MainApplication          : Starting MainApplication using Java 21 with PID 19808 (C:\Users\User\Documents\GitHub\FitUp-BE\build\classes\java\main started by joon in C:\Users\User\Documents\GitHub\FitUp-BE)
2025-02-25T23:13:53.203+09:00 DEBUG 19808 --- [main] site.FitUp.main.MainApplication          : Running with Spring Boot v3.4.3, Spring v6.2.3
2025-02-25T23:13:53.204+09:00  INFO 19808 --- [main] site.FitUp.main.MainApplication          : No active profile set, falling back to 1 default profile: "default"
2025-02-25T23:13:53.741+09:00  INFO 19808 --- [main] .s.d.r.c.RepositoryConfigurationDelegate : Bootstrapping Spring Data JPA repositories in DEFAULT mode.
2025-02-25T23:13:53.761+09:00  INFO 19808 --- [main] .s.d.r.c.RepositoryConfigurationDelegate : Finished Spring Data repository scanning in 12 ms. Found 0 JPA repository interfaces.
2025-02-25T23:13:54.159+09:00  INFO 19808 --- [main] o.s.b.w.embedded.tomcat.TomcatWebServer  : Tomcat initialized with port 8080 (http)
2025-02-25T23:13:54.171+09:00  INFO 19808 --- [main] o.apache.catalina.core.StandardService   : Starting service [Tomcat]
2025-02-25T23:13:54.171+09:00  INFO 19808 --- [main] o.apache.catalina.core.StandardEngine    : Starting Servlet engine: [Apache Tomcat/10.1.36]
2025-02-25T23:13:54.220+09:00  INFO 19808 --- [main] o.a.c.c.C.[Tomcat].[localhost].[/]       : Initializing Spring embedded WebApplicationContext
2025-02-25T23:13:54.221+09:00  INFO 19808 --- [main] w.s.c.ServletWebServerApplicationContext : Root WebApplicationContext: initialization completed in 976 ms
2025-02-25T23:13:54.319+09:00  INFO 19808 --- [main] com.zaxxer.hikari.HikariDataSource       : HikariPool-1 - Starting...
2025-02-25T23:13:54.696+09:00  INFO 19808 --- [main] com.zaxxer.hikari.pool.HikariPool        : HikariPool-1 - Added connection com.mysql.cj.jdbc.ConnectionImpl@687389a6
2025-02-25T23:13:54.697+09:00  INFO 19808 --- [main] com.zaxxer.hikari.HikariDataSource       : HikariPool-1 - Start completed.
2025-02-25T23:13:54.743+09:00  INFO 19808 --- [main] o.hibernate.jpa.internal.util.LogHelper  : HHH000204: Processing PersistenceUnitInfo [name: default]
2025-02-25T23:13:54.797+09:00  INFO 19808 --- [main] org.hibernate.Version                    : HHH000412: Hibernate ORM core version 6.6.8.Final
2025-02-25T23:13:54.831+09:00  INFO 19808 --- [main] o.h.c.internal.RegionFactoryInitiator    : HHH000026: Second-level cache disabled
2025-02-25T23:13:55.117+09:00  INFO 19808 --- [main] o.s.o.j.p.SpringPersistenceUnitInfo      : No LoadTimeWeaver setup: ignoring JPA class transformer
2025-02-25T23:13:55.222+09:00  INFO 19808 --- [main] org.hibernate.orm.connections.pooling    : HHH10001005: Database info:
	Database JDBC URL [Connecting through datasource 'HikariDataSource (HikariPool-1)']
	Database driver: undefined/unknown
	Database version: 8.0.35
	Autocommit mode: undefined/unknown
	Isolation level: undefined/unknown
	Minimum pool size: undefined/unknown
	Maximum pool size: undefined/unknown
2025-02-25T23:13:55.511+09:00  INFO 19808 --- [main] o.h.e.t.j.p.i.JtaPlatformInitiator       : HHH000489: No JTA platform available (set 'hibernate.transaction.jta.platform' to enable JTA platform integration)
2025-02-25T23:13:55.517+09:00  INFO 19808 --- [main] j.LocalContainerEntityManagerFactoryBean : Initialized JPA EntityManagerFactory for persistence unit 'default'
2025-02-25T23:13:55.549+09:00  WARN 19808 --- [main] JpaBaseConfiguration$JpaWebConfiguration : spring.jpa.open-in-view is enabled by default. Therefore, database queries may be performed during view rendering. Explicitly configure spring.jpa.open-in-view to disable this warning
2025-02-25T23:13:55.848+09:00  INFO 19808 --- [main] o.s.b.w.embedded.tomcat.TomcatWebServer  : Tomcat started on port 8080 (http) with context path '/'
2025-02-25T23:13:55.853+09:00  INFO 19808 --- [main] site.FitUp.main.MainApplication          : Started MainApplication in 3.234 seconds (process running for 3.837)
2025-02-25T23:13:57.614+09:00  INFO 19808 --- [http-nio-8080-exec-2] o.a.c.c.C.[Tomcat].[localhost].[/]       : Initializing Spring DispatcherServlet 'dispatcherServlet'
2025-02-25T23:13:57.614+09:00  INFO 19808 --- [http-nio-8080-exec-2] o.s.web.servlet.DispatcherServlet        : Initializing Servlet 'dispatcherServlet'
2025-02-25T23:13:57.615+09:00  INFO 19808 --- [http-nio-8080-exec-2] o.s.web.servlet.DispatcherServlet        : Completed initialization in 1 ms
2025-02-25T23:18:54.300+09:00  INFO 19808 --- [SpringApplicationShutdownHook] o.s.b.w.e.tomcat.GracefulShutdown        : Commencing graceful shutdown. Waiting for active requests to complete
2025-02-25T23:18:54.308+09:00  INFO 19808 --- [tomcat-shutdown] o.s.b.w.e.tomcat.GracefulShutdown        : Graceful shutdown complete
2025-02-25T23:18:54.311+09:00  INFO 19808 --- [SpringApplicationShutdownHook] j.LocalContainerEntityManagerFactoryBean : Closing JPA EntityManagerFactory for persistence unit 'default'
2025-02-25T23:18:54.313+09:00  INFO 19808 --- [SpringApplicationShutdownHook] com.zaxxer.hikari.HikariDataSource       : HikariPool-1 - Shutdown initiated...
2025-02-25T23:18:54.372+09:00  INFO 19808 --- [SpringApplicationShutdownHook] com.zaxxer.hikari.HikariDataSource       : HikariPool-1 - Shutdown completed.
2025-02-25T23:18:57.691+09:00  INFO 14992 --- [main] site.FitUp.main.MainApplication          : Starting MainApplication using Java 21 with PID 14992 (C:\Users\User\Documents\GitHub\FitUp-BE\build\classes\java\main started by joon in C:\Users\User\Documents\GitHub\FitUp-BE)
2025-02-25T23:18:57.693+09:00 DEBUG 14992 --- [main] site.FitUp.main.MainApplication          : Running with Spring Boot v3.4.3, Spring v6.2.3
2025-02-25T23:18:57.694+09:00  INFO 14992 --- [main] site.FitUp.main.MainApplication          : No active profile set, falling back to 1 default profile: "default"
2025-02-25T23:18:58.258+09:00  INFO 14992 --- [main] .s.d.r.c.RepositoryConfigurationDelegate : Bootstrapping Spring Data JPA repositories in DEFAULT mode.
2025-02-25T23:18:58.278+09:00  INFO 14992 --- [main] .s.d.r.c.RepositoryConfigurationDelegate : Finished Spring Data repository scanning in 11 ms. Found 0 JPA repository interfaces.
2025-02-25T23:18:58.684+09:00  INFO 14992 --- [main] o.s.b.w.embedded.tomcat.TomcatWebServer  : Tomcat initialized with port 8080 (http)
2025-02-25T23:18:58.698+09:00  INFO 14992 --- [main] o.apache.catalina.core.StandardService   : Starting service [Tomcat]
2025-02-25T23:18:58.698+09:00  INFO 14992 --- [main] o.apache.catalina.core.StandardEngine    : Starting Servlet engine: [Apache Tomcat/10.1.36]
2025-02-25T23:18:58.752+09:00  INFO 14992 --- [main] o.a.c.c.C.[Tomcat].[localhost].[/]       : Initializing Spring embedded WebApplicationContext
2025-02-25T23:18:58.753+09:00  INFO 14992 --- [main] w.s.c.ServletWebServerApplicationContext : Root WebApplicationContext: initialization completed in 1014 ms
2025-02-25T23:18:58.850+09:00  INFO 14992 --- [main] com.zaxxer.hikari.HikariDataSource       : HikariPool-1 - Starting...
2025-02-25T23:18:59.280+09:00  INFO 14992 --- [main] com.zaxxer.hikari.pool.HikariPool        : HikariPool-1 - Added connection com.mysql.cj.jdbc.ConnectionImpl@37d28938
2025-02-25T23:18:59.282+09:00  INFO 14992 --- [main] com.zaxxer.hikari.HikariDataSource       : HikariPool-1 - Start completed.
2025-02-25T23:18:59.329+09:00  INFO 14992 --- [main] o.hibernate.jpa.internal.util.LogHelper  : HHH000204: Processing PersistenceUnitInfo [name: default]
2025-02-25T23:18:59.385+09:00  INFO 14992 --- [main] org.hibernate.Version                    : HHH000412: Hibernate ORM core version 6.6.8.Final
2025-02-25T23:18:59.420+09:00  INFO 14992 --- [main] o.h.c.internal.RegionFactoryInitiator    : HHH000026: Second-level cache disabled
2025-02-25T23:18:59.717+09:00  INFO 14992 --- [main] o.s.o.j.p.SpringPersistenceUnitInfo      : No LoadTimeWeaver setup: ignoring JPA class transformer
2025-02-25T23:19:00.002+09:00  INFO 14992 --- [main] org.hibernate.orm.connections.pooling    : HHH10001005: Database info:
	Database JDBC URL [Connecting through datasource 'HikariDataSource (HikariPool-1)']
	Database driver: undefined/unknown
	Database version: 8.0.35
	Autocommit mode: undefined/unknown
	Isolation level: undefined/unknown
	Minimum pool size: undefined/unknown
	Maximum pool size: undefined/unknown
2025-02-25T23:19:00.294+09:00  INFO 14992 --- [main] o.h.e.t.j.p.i.JtaPlatformInitiator       : HHH000489: No JTA platform available (set 'hibernate.transaction.jta.platform' to enable JTA platform integration)
2025-02-25T23:19:00.299+09:00  INFO 14992 --- [main] j.LocalContainerEntityManagerFactoryBean : Initialized JPA EntityManagerFactory for persistence unit 'default'
2025-02-25T23:19:00.331+09:00  WARN 14992 --- [main] JpaBaseConfiguration$JpaWebConfiguration : spring.jpa.open-in-view is enabled by default. Therefore, database queries may be performed during view rendering. Explicitly configure spring.jpa.open-in-view to disable this warning
2025-02-25T23:19:00.636+09:00  INFO 14992 --- [main] o.s.b.w.embedded.tomcat.TomcatWebServer  : Tomcat started on port 8080 (http) with context path '/'
2025-02-25T23:19:00.641+09:00  INFO 14992 --- [main] site.FitUp.main.MainApplication          : Started MainApplication in 3.538 seconds (process running for 4.086)
2025-02-25T23:19:10.973+09:00  INFO 14992 --- [http-nio-8080-exec-1] o.a.c.c.C.[Tomcat].[localhost].[/]       : Initializing Spring DispatcherServlet 'dispatcherServlet'
2025-02-25T23:19:10.973+09:00  INFO 14992 --- [http-nio-8080-exec-1] o.s.web.servlet.DispatcherServlet        : Initializing Servlet 'dispatcherServlet'
2025-02-25T23:19:10.974+09:00  INFO 14992 --- [http-nio-8080-exec-1] o.s.web.servlet.DispatcherServlet        : Completed initialization in 1 ms
2025-02-25T23:19:38.649+09:00  INFO 14992 --- [SpringApplicationShutdownHook] o.s.b.w.e.tomcat.GracefulShutdown        : Commencing graceful shutdown. Waiting for active requests to complete
2025-02-25T23:19:38.656+09:00  INFO 14992 --- [tomcat-shutdown] o.s.b.w.e.tomcat.GracefulShutdown        : Graceful shutdown complete
2025-02-25T23:19:38.659+09:00  INFO 14992 --- [SpringApplicationShutdownHook] j.LocalContainerEntityManagerFactoryBean : Closing JPA EntityManagerFactory for persistence unit 'default'
2025-02-25T23:19:38.661+09:00  INFO 14992 --- [SpringApplicationShutdownHook] com.zaxxer.hikari.HikariDataSource       : HikariPool-1 - Shutdown initiated...
2025-02-25T23:19:38.718+09:00  INFO 14992 --- [SpringApplicationShutdownHook] com.zaxxer.hikari.HikariDataSource       : HikariPool-1 - Shutdown completed.
2025-02-25T23:19:42.183+09:00  INFO 38956 --- [main] site.FitUp.main.MainApplication          : Starting MainApplication using Java 21 with PID 38956 (C:\Users\User\Documents\GitHub\FitUp-BE\build\classes\java\main started by joon in C:\Users\User\Documents\GitHub\FitUp-BE)
2025-02-25T23:19:42.185+09:00 DEBUG 38956 --- [main] site.FitUp.main.MainApplication          : Running with Spring Boot v3.4.3, Spring v6.2.3
2025-02-25T23:19:42.185+09:00  INFO 38956 --- [main] site.FitUp.main.MainApplication          : No active profile set, falling back to 1 default profile: "default"
2025-02-25T23:19:42.757+09:00  INFO 38956 --- [main] .s.d.r.c.RepositoryConfigurationDelegate : Bootstrapping Spring Data JPA repositories in DEFAULT mode.
2025-02-25T23:19:42.780+09:00  INFO 38956 --- [main] .s.d.r.c.RepositoryConfigurationDelegate : Finished Spring Data repository scanning in 13 ms. Found 0 JPA repository interfaces.
2025-02-25T23:19:43.217+09:00  INFO 38956 --- [main] o.s.b.w.embedded.tomcat.TomcatWebServer  : Tomcat initialized with port 8080 (http)
2025-02-25T23:19:43.231+09:00  INFO 38956 --- [main] o.apache.catalina.core.StandardService   : Starting service [Tomcat]
2025-02-25T23:19:43.232+09:00  INFO 38956 --- [main] o.apache.catalina.core.StandardEngine    : Starting Servlet engine: [Apache Tomcat/10.1.36]
2025-02-25T23:19:43.289+09:00  INFO 38956 --- [main] o.a.c.c.C.[Tomcat].[localhost].[/]       : Initializing Spring embedded WebApplicationContext
2025-02-25T23:19:43.290+09:00  INFO 38956 --- [main] w.s.c.ServletWebServerApplicationContext : Root WebApplicationContext: initialization completed in 1068 ms
2025-02-25T23:19:43.393+09:00  INFO 38956 --- [main] com.zaxxer.hikari.HikariDataSource       : HikariPool-1 - Starting...
2025-02-25T23:19:43.798+09:00  INFO 38956 --- [main] com.zaxxer.hikari.pool.HikariPool        : HikariPool-1 - Added connection com.mysql.cj.jdbc.ConnectionImpl@6f91fbda
2025-02-25T23:19:43.799+09:00  INFO 38956 --- [main] com.zaxxer.hikari.HikariDataSource       : HikariPool-1 - Start completed.
2025-02-25T23:19:43.848+09:00  INFO 38956 --- [main] o.hibernate.jpa.internal.util.LogHelper  : HHH000204: Processing PersistenceUnitInfo [name: default]
2025-02-25T23:19:43.909+09:00  INFO 38956 --- [main] org.hibernate.Version                    : HHH000412: Hibernate ORM core version 6.6.8.Final
2025-02-25T23:19:43.943+09:00  INFO 38956 --- [main] o.h.c.internal.RegionFactoryInitiator    : HHH000026: Second-level cache disabled
2025-02-25T23:19:44.247+09:00  INFO 38956 --- [main] o.s.o.j.p.SpringPersistenceUnitInfo      : No LoadTimeWeaver setup: ignoring JPA class transformer
2025-02-25T23:19:44.349+09:00  INFO 38956 --- [main] org.hibernate.orm.connections.pooling    : HHH10001005: Database info:
	Database JDBC URL [Connecting through datasource 'HikariDataSource (HikariPool-1)']
	Database driver: undefined/unknown
	Database version: 8.0.35
	Autocommit mode: undefined/unknown
	Isolation level: undefined/unknown
	Minimum pool size: undefined/unknown
	Maximum pool size: undefined/unknown
2025-02-25T23:19:44.665+09:00  INFO 38956 --- [main] o.h.e.t.j.p.i.JtaPlatformInitiator       : HHH000489: No JTA platform available (set 'hibernate.transaction.jta.platform' to enable JTA platform integration)
2025-02-25T23:19:44.670+09:00  INFO 38956 --- [main] j.LocalContainerEntityManagerFactoryBean : Initialized JPA EntityManagerFactory for persistence unit 'default'
2025-02-25T23:19:44.708+09:00  WARN 38956 --- [main] JpaBaseConfiguration$JpaWebConfiguration : spring.jpa.open-in-view is enabled by default. Therefore, database queries may be performed during view rendering. Explicitly configure spring.jpa.open-in-view to disable this warning
2025-02-25T23:19:45.032+09:00  INFO 38956 --- [main] o.s.b.w.embedded.tomcat.TomcatWebServer  : Tomcat started on port 8080 (http) with context path '/'
2025-02-25T23:19:45.037+09:00  INFO 38956 --- [main] site.FitUp.main.MainApplication          : Started MainApplication in 3.362 seconds (process running for 3.999)
2025-02-25T23:20:10.410+09:00  INFO 38956 --- [http-nio-8080-exec-1] o.a.c.c.C.[Tomcat].[localhost].[/]       : Initializing Spring DispatcherServlet 'dispatcherServlet'
2025-02-25T23:20:10.411+09:00  INFO 38956 --- [http-nio-8080-exec-1] o.s.web.servlet.DispatcherServlet        : Initializing Servlet 'dispatcherServlet'
2025-02-25T23:20:10.412+09:00  INFO 38956 --- [http-nio-8080-exec-1] o.s.web.servlet.DispatcherServlet        : Completed initialization in 1 ms
2025-02-25T23:21:27.315+09:00  INFO 38956 --- [SpringApplicationShutdownHook] o.s.b.w.e.tomcat.GracefulShutdown        : Commencing graceful shutdown. Waiting for active requests to complete
2025-02-25T23:21:27.322+09:00  INFO 38956 --- [tomcat-shutdown] o.s.b.w.e.tomcat.GracefulShutdown        : Graceful shutdown complete
2025-02-25T23:21:27.325+09:00  INFO 38956 --- [SpringApplicationShutdownHook] j.LocalContainerEntityManagerFactoryBean : Closing JPA EntityManagerFactory for persistence unit 'default'
2025-02-25T23:21:27.327+09:00  INFO 38956 --- [SpringApplicationShutdownHook] com.zaxxer.hikari.HikariDataSource       : HikariPool-1 - Shutdown initiated...
2025-02-25T23:21:27.381+09:00  INFO 38956 --- [SpringApplicationShutdownHook] com.zaxxer.hikari.HikariDataSource       : HikariPool-1 - Shutdown completed.
2025-02-25T23:21:30.737+09:00  INFO 20952 --- [main] site.FitUp.main.MainApplication          : Starting MainApplication using Java 21 with PID 20952 (C:\Users\User\Documents\GitHub\FitUp-BE\build\classes\java\main started by joon in C:\Users\User\Documents\GitHub\FitUp-BE)
2025-02-25T23:21:30.738+09:00 DEBUG 20952 --- [main] site.FitUp.main.MainApplication          : Running with Spring Boot v3.4.3, Spring v6.2.3
2025-02-25T23:21:30.739+09:00  INFO 20952 --- [main] site.FitUp.main.MainApplication          : No active profile set, falling back to 1 default profile: "default"
2025-02-25T23:21:31.242+09:00  INFO 20952 --- [main] .s.d.r.c.RepositoryConfigurationDelegate : Bootstrapping Spring Data JPA repositories in DEFAULT mode.
2025-02-25T23:21:31.261+09:00  INFO 20952 --- [main] .s.d.r.c.RepositoryConfigurationDelegate : Finished Spring Data repository scanning in 12 ms. Found 0 JPA repository interfaces.
2025-02-25T23:21:31.671+09:00  INFO 20952 --- [main] o.s.b.w.embedded.tomcat.TomcatWebServer  : Tomcat initialized with port 8080 (http)
2025-02-25T23:21:31.683+09:00  INFO 20952 --- [main] o.apache.catalina.core.StandardService   : Starting service [Tomcat]
2025-02-25T23:21:31.684+09:00  INFO 20952 --- [main] o.apache.catalina.core.StandardEngine    : Starting Servlet engine: [Apache Tomcat/10.1.36]
2025-02-25T23:21:31.735+09:00  INFO 20952 --- [main] o.a.c.c.C.[Tomcat].[localhost].[/]       : Initializing Spring embedded WebApplicationContext
2025-02-25T23:21:31.736+09:00  INFO 20952 --- [main] w.s.c.ServletWebServerApplicationContext : Root WebApplicationContext: initialization completed in 962 ms
2025-02-25T23:21:31.837+09:00  INFO 20952 --- [main] com.zaxxer.hikari.HikariDataSource       : HikariPool-1 - Starting...
2025-02-25T23:21:32.257+09:00  INFO 20952 --- [main] com.zaxxer.hikari.pool.HikariPool        : HikariPool-1 - Added connection com.mysql.cj.jdbc.ConnectionImpl@681061d6
2025-02-25T23:21:32.259+09:00  INFO 20952 --- [main] com.zaxxer.hikari.HikariDataSource       : HikariPool-1 - Start completed.
2025-02-25T23:21:32.304+09:00  INFO 20952 --- [main] o.hibernate.jpa.internal.util.LogHelper  : HHH000204: Processing PersistenceUnitInfo [name: default]
2025-02-25T23:21:32.361+09:00  INFO 20952 --- [main] org.hibernate.Version                    : HHH000412: Hibernate ORM core version 6.6.8.Final
2025-02-25T23:21:32.393+09:00  INFO 20952 --- [main] o.h.c.internal.RegionFactoryInitiator    : HHH000026: Second-level cache disabled
2025-02-25T23:21:32.686+09:00  INFO 20952 --- [main] o.s.o.j.p.SpringPersistenceUnitInfo      : No LoadTimeWeaver setup: ignoring JPA class transformer
2025-02-25T23:21:32.791+09:00  INFO 20952 --- [main] org.hibernate.orm.connections.pooling    : HHH10001005: Database info:
	Database JDBC URL [Connecting through datasource 'HikariDataSource (HikariPool-1)']
	Database driver: undefined/unknown
	Database version: 8.0.35
	Autocommit mode: undefined/unknown
	Isolation level: undefined/unknown
	Minimum pool size: undefined/unknown
	Maximum pool size: undefined/unknown
2025-02-25T23:21:33.110+09:00  INFO 20952 --- [main] o.h.e.t.j.p.i.JtaPlatformInitiator       : HHH000489: No JTA platform available (set 'hibernate.transaction.jta.platform' to enable JTA platform integration)
2025-02-25T23:21:33.117+09:00  INFO 20952 --- [main] j.LocalContainerEntityManagerFactoryBean : Initialized JPA EntityManagerFactory for persistence unit 'default'
2025-02-25T23:21:33.152+09:00  WARN 20952 --- [main] JpaBaseConfiguration$JpaWebConfiguration : spring.jpa.open-in-view is enabled by default. Therefore, database queries may be performed during view rendering. Explicitly configure spring.jpa.open-in-view to disable this warning
2025-02-25T23:21:33.465+09:00  INFO 20952 --- [main] o.s.b.w.embedded.tomcat.TomcatWebServer  : Tomcat started on port 8080 (http) with context path '/'
2025-02-25T23:21:33.470+09:00  INFO 20952 --- [main] site.FitUp.main.MainApplication          : Started MainApplication in 3.22 seconds (process running for 3.854)
2025-02-25T23:21:38.763+09:00  INFO 20952 --- [http-nio-8080-exec-1] o.a.c.c.C.[Tomcat].[localhost].[/]       : Initializing Spring DispatcherServlet 'dispatcherServlet'
2025-02-25T23:21:38.764+09:00  INFO 20952 --- [http-nio-8080-exec-1] o.s.web.servlet.DispatcherServlet        : Initializing Servlet 'dispatcherServlet'
2025-02-25T23:21:38.766+09:00  INFO 20952 --- [http-nio-8080-exec-1] o.s.web.servlet.DispatcherServlet        : Completed initialization in 2 ms
2025-02-25T23:31:04.301+09:00  INFO 20952 --- [SpringApplicationShutdownHook] o.s.b.w.e.tomcat.GracefulShutdown        : Commencing graceful shutdown. Waiting for active requests to complete
2025-02-25T23:31:04.309+09:00  INFO 20952 --- [tomcat-shutdown] o.s.b.w.e.tomcat.GracefulShutdown        : Graceful shutdown complete
2025-02-25T23:31:04.313+09:00  INFO 20952 --- [SpringApplicationShutdownHook] j.LocalContainerEntityManagerFactoryBean : Closing JPA EntityManagerFactory for persistence unit 'default'
2025-02-25T23:31:04.314+09:00  INFO 20952 --- [SpringApplicationShutdownHook] com.zaxxer.hikari.HikariDataSource       : HikariPool-1 - Shutdown initiated...
2025-02-25T23:31:04.368+09:00  INFO 20952 --- [SpringApplicationShutdownHook] com.zaxxer.hikari.HikariDataSource       : HikariPool-1 - Shutdown completed.
